<?xml version="1.0"?>
<Locations >
  <Project >
    <file_marker column=" 1" line=" 1" >
      <vfs_project>C:\AdaProjects\HelloWorld\test.gpr</vfs_project>
      <vfs_file>C:\AdaProjects\HelloWorld\src\main.adb</vfs_file>
    </file_marker>
    <file_marker column=" 23" line=" 4" >
      <vfs_project>C:\AdaProjects\HelloWorld\test.gpr</vfs_project>
      <vfs_file>C:\AdaProjects\HelloWorld\src\main.adb</vfs_file>
    </file_marker>
    <file_marker current="true" column=" 6" line=" 1" >
      <vfs_project>C:\AdaProjects\HelloWorld\test.gpr</vfs_project>
      <vfs_file>C:\AdaProjects\HelloWorld\src\main.adb</vfs_file>
    </file_marker>
  </Project>
</Locations>
